2022-11-27T12:52:22+00:00 CRITICAL Uncaught TypeError: ltrim(): Argument #1 ($string) must be of type string, WP_Error given in C:\xampp\htdocs\TMDT\tmdt\wp-includes\formatting.php:4377
Stack trace:
#0 C:\xampp\htdocs\TMDT\tmdt\wp-includes\formatting.php(4377): ltrim(Object(WP_Error))
#1 C:\xampp\htdocs\TMDT\tmdt\wp-content\themes\orchid-store\widget\widgets\featured-product-categories.php(79): esc_url(Object(WP_Error))
#2 C:\xampp\htdocs\TMDT\tmdt\wp-content\plugins\elementor\includes\widgets\wordpress.php(276): Orchid_Store_Featured_Product_Categories_Widget->widget(Array, Array)
#3 C:\xampp\htdocs\TMDT\tmdt\wp-content\plugins\elementor\includes\base\controls-stack.php(2266): Elementor\Widget_WordPress->render()
#4 C:\xampp\htdocs\TMDT\tmdt\wp-content\plugins\elementor\includes\base\widget-base.php(609): Elementor\Controls_Stack->render_by_mode()
#5 C:\xampp\htdocs\TMDT\tmdt\wp-content\plugins\elementor\includes\base\widget-base.php(733): Elementor\Widget_Base->render_content()
#6 C:\xampp\htdocs\TMDT\tmdt\wp-content\plugins\elementor\includes\base\element-base.php(534): Elementor\Widget_Base->get_raw_data(true)
#7 C:\xampp\htdocs\TMDT\tmdt\wp-content\plugins\elementor\includes\base\element-base.php(534): Elementor\Element_Base->get_raw_data(true)
#8 C:\xampp\htdocs\TMDT\tmdt\wp-content\plugins\elementor\core\base\document.php(958): Elementor\Element_Base->get_raw_data(true)
#9 C:\xampp\htdocs\TMDT\tmdt\wp-content\plugins\elementor\core\base\document.php(632): Elementor\Core\Base\Document->get_elements_raw_data(Array, true)
#10 C:\xampp\htdocs\TMDT\tmdt\wp-content\plugins\elementor\modules\library\documents\library-document.php(66): Elementor\Core\Base\Document->get_initial_config()
#11 C:\xampp\htdocs\TMDT\tmdt\wp-content\plugins\elementor\includes\base\controls-stack.php(1019): Elementor\Modules\Library\Documents\Library_Document->get_initial_config()
#12 C:\xampp\htdocs\TMDT\tmdt\wp-content\plugins\elementor\core\editor\editor.php(527): Elementor\Controls_Stack->get_config()
#13 C:\xampp\htdocs\TMDT\tmdt\wp-includes\class-wp-hook.php(308): Elementor\Core\Editor\Editor->enqueue_scripts('')
#14 C:\xampp\htdocs\TMDT\tmdt\wp-includes\class-wp-hook.php(332): WP_Hook->apply_filters('', Array)
#15 C:\xampp\htdocs\TMDT\tmdt\wp-includes\plugin.php(517): WP_Hook->do_action(Array)
#16 C:\xampp\htdocs\TMDT\tmdt\wp-includes\script-loader.php(2180): do_action('wp_enqueue_scri...')
#17 C:\xampp\htdocs\TMDT\tmdt\wp-includes\class-wp-hook.php(308): wp_enqueue_scripts('')
#18 C:\xampp\htdocs\TMDT\tmdt\wp-includes\class-wp-hook.php(332): WP_Hook->apply_filters('', Array)
#19 C:\xampp\htdocs\TMDT\tmdt\wp-includes\plugin.php(517): WP_Hook->do_action(Array)
#20 C:\xampp\htdocs\TMDT\tmdt\wp-includes\general-template.php(3043): do_action('wp_head')
#21 C:\xampp\htdocs\TMDT\tmdt\wp-content\plugins\elementor\includes\editor-templates\editor-wrapper.php(31): wp_head()
#22 C:\xampp\htdocs\TMDT\tmdt\wp-content\plugins\elementor\core\editor\editor.php(322): include('C:\\xampp\\htdocs...')
#23 C:\xampp\htdocs\TMDT\tmdt\wp-content\plugins\elementor\core\editor\editor.php(163): Elementor\Core\Editor\Editor->print_editor_template()
#24 C:\xampp\htdocs\TMDT\tmdt\wp-includes\class-wp-hook.php(308): Elementor\Core\Editor\Editor->init('')
#25 C:\xampp\htdocs\TMDT\tmdt\wp-includes\class-wp-hook.php(332): WP_Hook->apply_filters('', Array)
#26 C:\xampp\htdocs\TMDT\tmdt\wp-includes\plugin.php(517): WP_Hook->do_action(Array)
#27 C:\xampp\htdocs\TMDT\tmdt\wp-admin\admin.php(419): do_action('admin_action_el...')
#28 C:\xampp\htdocs\TMDT\tmdt\wp-admin\post.php(12): require_once('C:\\xampp\\htdocs...')
#29 {main}
  thrown in C:\xampp\htdocs\TMDT\tmdt\wp-includes\formatting.php on line 4377

